<?xml version="1.0" encoding="UTF-8"?>
<testsuite name="com.ticketing.api.QueueServiceTest" tests="3" skipped="0" failures="0" errors="0" timestamp="2026-04-01T13:13:55.621Z" hostname="DESKTOP-VFVF9QN" time="64.286">
  <properties/>
  <testcase name="대기열 진입 및 순위 조회 테스트" classname="com.ticketing.api.QueueServiceTest" time="4.168"/>
  <testcase name="대기열에서 활성 토큰으로 전환 테스트" classname="com.ticketing.api.QueueServiceTest" time="0.319"/>
  <testcase name="Lua Script 기반 동시 재고 감소 테스트 - 10개 재고에 30명 요청" classname="com.ticketing.api.QueueServiceTest" time="0.479"/>
  <system-out><![CDATA[22:13:56.418 [Test worker] INFO org.springframework.test.context.support.AnnotationConfigContextLoaderUtils -- Could not detect default configuration classes for test class [com.ticketing.api.QueueServiceTest]: QueueServiceTest does not declare any static, non-private, non-final, nested classes annotated with @Configuration.
22:13:56.974 [Test worker] INFO org.springframework.boot.test.context.SpringBootTestContextBootstrapper -- Found @SpringBootConfiguration com.ticketing.api.TicketingApiApplication for test class com.ticketing.api.QueueServiceTest

  .   ____          _            __ _ _
 /\\ / ___'_ __ _ _(_)_ __  __ _ \ \ \ \
( ( )\___ | '_ | '_| | '_ \/ _` | \ \ \ \
 \\/  ___)| |_)| | | | | || (_| |  ) ) ) )
  '  |____| .__|_| |_|_| |_\__, | / / / /
 =========|_|==============|___/=/_/_/_/

 :: Spring Boot ::                (v3.3.4)

2026-04-01T22:13:58.932+09:00  INFO 14066 --- [ticketing-api] [    Test worker] com.ticketing.api.QueueServiceTest       : Starting QueueServiceTest using Java 21.0.6 with PID 14066 (started by chanyoungpark in /home/chanyoungpark/projects/demo/ticketing-system/ticketing-api)
2026-04-01T22:13:58.940+09:00  INFO 14066 --- [ticketing-api] [    Test worker] com.ticketing.api.QueueServiceTest       : No active profile set, falling back to 1 default profile: "default"
2026-04-01T22:14:03.655+09:00  INFO 14066 --- [ticketing-api] [    Test worker] .s.d.r.c.RepositoryConfigurationDelegate : Multiple Spring Data modules found, entering strict repository configuration mode
2026-04-01T22:14:03.657+09:00  INFO 14066 --- [ticketing-api] [    Test worker] .s.d.r.c.RepositoryConfigurationDelegate : Bootstrapping Spring Data JPA repositories in DEFAULT mode.
2026-04-01T22:14:04.701+09:00  INFO 14066 --- [ticketing-api] [    Test worker] .s.d.r.c.RepositoryConfigurationDelegate : Finished Spring Data repository scanning in 1001 ms. Found 3 JPA repository interfaces.
2026-04-01T22:14:07.283+09:00  INFO 14066 --- [ticketing-api] [    Test worker] .s.d.r.c.RepositoryConfigurationDelegate : Multiple Spring Data modules found, entering strict repository configuration mode
2026-04-01T22:14:07.288+09:00  INFO 14066 --- [ticketing-api] [    Test worker] .s.d.r.c.RepositoryConfigurationDelegate : Bootstrapping Spring Data Redis repositories in DEFAULT mode.
2026-04-01T22:14:07.394+09:00  INFO 14066 --- [ticketing-api] [    Test worker] .s.d.r.c.RepositoryConfigurationDelegate : Finished Spring Data repository scanning in 63 ms. Found 0 Redis repository interfaces.
2026-04-01T22:14:12.578+09:00  INFO 14066 --- [ticketing-api] [    Test worker] com.zaxxer.hikari.HikariDataSource       : HikariPool-1 - Starting...
2026-04-01T22:14:14.865+09:00  INFO 14066 --- [ticketing-api] [    Test worker] com.zaxxer.hikari.pool.HikariPool        : HikariPool-1 - Added connection com.mysql.cj.jdbc.ConnectionImpl@3c98981e
2026-04-01T22:14:14.902+09:00  INFO 14066 --- [ticketing-api] [    Test worker] com.zaxxer.hikari.HikariDataSource       : HikariPool-1 - Start completed.
2026-04-01T22:14:15.724+09:00  INFO 14066 --- [ticketing-api] [    Test worker] org.flywaydb.core.FlywayExecutor         : Database: jdbc:mysql://localhost:3306/ticketing (MySQL 8.0)
2026-04-01T22:14:16.809+09:00  INFO 14066 --- [ticketing-api] [    Test worker] o.f.core.internal.command.DbValidate     : Successfully validated 5 migrations (execution time 00:00.463s)
2026-04-01T22:14:16.892+09:00  INFO 14066 --- [ticketing-api] [    Test worker] o.f.core.internal.command.DbMigrate      : Current version of schema `ticketing`: 5
2026-04-01T22:14:16.906+09:00  INFO 14066 --- [ticketing-api] [    Test worker] o.f.core.internal.command.DbMigrate      : Schema `ticketing` is up to date. No migration necessary.
2026-04-01T22:14:17.980+09:00  INFO 14066 --- [ticketing-api] [    Test worker] o.hibernate.jpa.internal.util.LogHelper  : HHH000204: Processing PersistenceUnitInfo [name: default]
2026-04-01T22:14:19.024+09:00  INFO 14066 --- [ticketing-api] [    Test worker] org.hibernate.Version                    : HHH000412: Hibernate ORM core version 6.5.3.Final
2026-04-01T22:14:19.341+09:00  INFO 14066 --- [ticketing-api] [    Test worker] o.h.c.internal.RegionFactoryInitiator    : HHH000026: Second-level cache disabled
2026-04-01T22:14:22.905+09:00  INFO 14066 --- [ticketing-api] [    Test worker] o.s.o.j.p.SpringPersistenceUnitInfo      : No LoadTimeWeaver setup: ignoring JPA class transformer
2026-04-01T22:14:31.804+09:00  INFO 14066 --- [ticketing-api] [    Test worker] o.h.e.t.j.p.i.JtaPlatformInitiator       : HHH000489: No JTA platform available (set 'hibernate.transaction.jta.platform' to enable JTA platform integration)
2026-04-01T22:14:32.116+09:00  INFO 14066 --- [ticketing-api] [    Test worker] j.LocalContainerEntityManagerFactoryBean : Initialized JPA EntityManagerFactory for persistence unit 'default'
2026-04-01T22:14:53.559+09:00  INFO 14066 --- [ticketing-api] [    Test worker] o.s.b.a.e.web.EndpointLinksResolver      : Exposing 15 endpoints beneath base path '/actuator'
2026-04-01T22:14:54.228+09:00  INFO 14066 --- [ticketing-api] [    Test worker] com.ticketing.api.QueueServiceTest       : Started QueueServiceTest in 56.677 seconds (process running for 64.212)
]]></system-out>
  <system-err><![CDATA[WARNING: A Java agent has been loaded dynamically (/home/chanyoungpark/.gradle/caches/modules-2/files-2.1/net.bytebuddy/byte-buddy-agent/1.14.19/154da3a65b4f4a909d3e5bdec55d1b2b4cbb6ce1/byte-buddy-agent-1.14.19.jar)
WARNING: If a serviceability tool is in use, please run with -XX:+EnableDynamicAgentLoading to hide this warning
WARNING: If a serviceability tool is not in use, please run with -Djdk.instrument.traceUsage for more information
WARNING: Dynamic loading of agents will be disallowed by default in a future release
]]></system-err>
</testsuite>
