<?xml version="1.0" encoding="UTF-8"?>
<testsuite name="com.ticketing.api.TicketingApiApplicationTests" tests="4" skipped="0" failures="0" errors="0" timestamp="2026-04-01T12:57:42.156Z" hostname="DESKTOP-VFVF9QN" time="69.408">
  <properties/>
  <testcase name="redisConnectionTest()" classname="com.ticketing.api.TicketingApiApplicationTests" time="6.4"/>
  <testcase name="databaseConnectionTest()" classname="com.ticketing.api.TicketingApiApplicationTests" time="0.016"/>
  <testcase name="kafkaConnectionTest()" classname="com.ticketing.api.TicketingApiApplicationTests" time="0.014"/>
  <testcase name="contextLoads()" classname="com.ticketing.api.TicketingApiApplicationTests" time="0.012"/>
  <system-out><![CDATA[21:57:43.645 [Test worker] INFO org.springframework.test.context.support.AnnotationConfigContextLoaderUtils -- Could not detect default configuration classes for test class [com.ticketing.api.TicketingApiApplicationTests]: TicketingApiApplicationTests does not declare any static, non-private, non-final, nested classes annotated with @Configuration.
21:57:44.506 [Test worker] INFO org.springframework.boot.test.context.SpringBootTestContextBootstrapper -- Found @SpringBootConfiguration com.ticketing.api.TicketingApiApplication for test class com.ticketing.api.TicketingApiApplicationTests

  .   ____          _            __ _ _
 /\\ / ___'_ __ _ _(_)_ __  __ _ \ \ \ \
( ( )\___ | '_ | '_| | '_ \/ _` | \ \ \ \
 \\/  ___)| |_)| | | | | || (_| |  ) ) ) )
  '  |____| .__|_| |_|_| |_\__, | / / / /
 =========|_|==============|___/=/_/_/_/

 :: Spring Boot ::                (v3.3.4)

2026-04-01T21:57:48.117+09:00  INFO 10323 --- [ticketing-api] [    Test worker] c.t.api.TicketingApiApplicationTests     : Starting TicketingApiApplicationTests using Java 21.0.6 with PID 10323 (started by chanyoungpark in /home/chanyoungpark/projects/demo/ticketing-system/ticketing-api)
2026-04-01T21:57:48.133+09:00  INFO 10323 --- [ticketing-api] [    Test worker] c.t.api.TicketingApiApplicationTests     : No active profile set, falling back to 1 default profile: "default"
2026-04-01T21:57:56.594+09:00  INFO 10323 --- [ticketing-api] [    Test worker] .s.d.r.c.RepositoryConfigurationDelegate : Multiple Spring Data modules found, entering strict repository configuration mode
2026-04-01T21:57:56.602+09:00  INFO 10323 --- [ticketing-api] [    Test worker] .s.d.r.c.RepositoryConfigurationDelegate : Bootstrapping Spring Data JPA repositories in DEFAULT mode.
2026-04-01T21:57:56.804+09:00  INFO 10323 --- [ticketing-api] [    Test worker] .s.d.r.c.RepositoryConfigurationDelegate : Finished Spring Data repository scanning in 165 ms. Found 0 JPA repository interfaces.
2026-04-01T21:57:56.875+09:00  INFO 10323 --- [ticketing-api] [    Test worker] .s.d.r.c.RepositoryConfigurationDelegate : Multiple Spring Data modules found, entering strict repository configuration mode
2026-04-01T21:57:56.878+09:00  INFO 10323 --- [ticketing-api] [    Test worker] .s.d.r.c.RepositoryConfigurationDelegate : Bootstrapping Spring Data Redis repositories in DEFAULT mode.
2026-04-01T21:57:56.952+09:00  INFO 10323 --- [ticketing-api] [    Test worker] .s.d.r.c.RepositoryConfigurationDelegate : Finished Spring Data repository scanning in 9 ms. Found 0 Redis repository interfaces.
2026-04-01T21:58:04.413+09:00  INFO 10323 --- [ticketing-api] [    Test worker] com.zaxxer.hikari.HikariDataSource       : HikariPool-1 - Starting...
2026-04-01T21:58:05.867+09:00  INFO 10323 --- [ticketing-api] [    Test worker] com.zaxxer.hikari.pool.HikariPool        : HikariPool-1 - Added connection com.mysql.cj.jdbc.ConnectionImpl@7b4619a3
2026-04-01T21:58:05.904+09:00  INFO 10323 --- [ticketing-api] [    Test worker] com.zaxxer.hikari.HikariDataSource       : HikariPool-1 - Start completed.
2026-04-01T21:58:06.643+09:00  INFO 10323 --- [ticketing-api] [    Test worker] org.flywaydb.core.FlywayExecutor         : Database: jdbc:mysql://localhost:3306/ticketing (MySQL 8.0)
2026-04-01T21:58:07.241+09:00  INFO 10323 --- [ticketing-api] [    Test worker] o.f.c.i.s.JdbcTableSchemaHistory         : Schema history table `ticketing`.`flyway_schema_history` does not exist yet
2026-04-01T21:58:07.365+09:00  INFO 10323 --- [ticketing-api] [    Test worker] o.f.core.internal.command.DbValidate     : Successfully validated 5 migrations (execution time 00:00.443s)
2026-04-01T21:58:07.851+09:00  INFO 10323 --- [ticketing-api] [    Test worker] o.f.c.i.s.JdbcTableSchemaHistory         : Creating Schema History table `ticketing`.`flyway_schema_history` ...
2026-04-01T21:58:08.838+09:00  INFO 10323 --- [ticketing-api] [    Test worker] o.f.core.internal.command.DbMigrate      : Current version of schema `ticketing`: << Empty Schema >>
2026-04-01T21:58:09.008+09:00  INFO 10323 --- [ticketing-api] [    Test worker] o.f.core.internal.command.DbMigrate      : Migrating schema `ticketing` to version "1 - create event"
2026-04-01T21:58:09.579+09:00  INFO 10323 --- [ticketing-api] [    Test worker] o.f.core.internal.command.DbMigrate      : Migrating schema `ticketing` to version "2 - create seat grade"
2026-04-01T21:58:10.081+09:00  INFO 10323 --- [ticketing-api] [    Test worker] o.f.core.internal.command.DbMigrate      : Migrating schema `ticketing` to version "3 - create users"
2026-04-01T21:58:10.585+09:00  INFO 10323 --- [ticketing-api] [    Test worker] o.f.core.internal.command.DbMigrate      : Migrating schema `ticketing` to version "4 - create booking"
2026-04-01T21:58:11.229+09:00  INFO 10323 --- [ticketing-api] [    Test worker] o.f.core.internal.command.DbMigrate      : Migrating schema `ticketing` to version "5 - create queue history"
2026-04-01T21:58:11.753+09:00  INFO 10323 --- [ticketing-api] [    Test worker] o.f.core.internal.command.DbMigrate      : Successfully applied 5 migrations to schema `ticketing`, now at version v5 (execution time 00:01.585s)
2026-04-01T21:58:13.307+09:00  INFO 10323 --- [ticketing-api] [    Test worker] o.hibernate.jpa.internal.util.LogHelper  : HHH000204: Processing PersistenceUnitInfo [name: default]
2026-04-01T21:58:14.190+09:00  INFO 10323 --- [ticketing-api] [    Test worker] org.hibernate.Version                    : HHH000412: Hibernate ORM core version 6.5.3.Final
2026-04-01T21:58:14.804+09:00  INFO 10323 --- [ticketing-api] [    Test worker] o.h.c.internal.RegionFactoryInitiator    : HHH000026: Second-level cache disabled
2026-04-01T21:58:19.552+09:00  INFO 10323 --- [ticketing-api] [    Test worker] o.s.o.j.p.SpringPersistenceUnitInfo      : No LoadTimeWeaver setup: ignoring JPA class transformer
2026-04-01T21:58:23.253+09:00  INFO 10323 --- [ticketing-api] [    Test worker] o.h.e.t.j.p.i.JtaPlatformInitiator       : HHH000489: No JTA platform available (set 'hibernate.transaction.jta.platform' to enable JTA platform integration)
2026-04-01T21:58:23.284+09:00  INFO 10323 --- [ticketing-api] [    Test worker] j.LocalContainerEntityManagerFactoryBean : Initialized JPA EntityManagerFactory for persistence unit 'default'
2026-04-01T21:58:42.430+09:00  INFO 10323 --- [ticketing-api] [    Test worker] o.s.b.a.e.web.EndpointLinksResolver      : Exposing 15 endpoints beneath base path '/actuator'
2026-04-01T21:58:43.441+09:00  INFO 10323 --- [ticketing-api] [    Test worker] c.t.api.TicketingApiApplicationTests     : Started TicketingApiApplicationTests in 57.515 seconds (process running for 68.773)
]]></system-out>
  <system-err><![CDATA[WARNING: A Java agent has been loaded dynamically (/home/chanyoungpark/.gradle/caches/modules-2/files-2.1/net.bytebuddy/byte-buddy-agent/1.14.19/154da3a65b4f4a909d3e5bdec55d1b2b4cbb6ce1/byte-buddy-agent-1.14.19.jar)
WARNING: If a serviceability tool is in use, please run with -XX:+EnableDynamicAgentLoading to hide this warning
WARNING: If a serviceability tool is not in use, please run with -Djdk.instrument.traceUsage for more information
WARNING: Dynamic loading of agents will be disallowed by default in a future release
]]></system-err>
</testsuite>
